<?xml version="1.0" encoding="utf-8" standalone="no"?>
<test-run id="2" testcasecount="0" result="Failed" label="Invalid" total="0" passed="0" failed="0" inconclusive="0" skipped="0" asserts="0" engine-version="3.9.0.0" clr-version="4.0.30319.42000" start-time="2019-02-21 22:47:53Z" end-time="2019-02-21 22:47:53Z" duration="0.447919">
  <command-line><![CDATA["C:\Program Files (x86)\NUnit.org\nunit-console\nunit3-console.exe" OpenSpaceVisualTesting.dll]]></command-line>
  <test-suite type="Assembly" id="0-1" name="OpenSpaceVisualTesting.dll" fullname="C:\os\testing\OpenSpaceVisualTesting\OpenSpaceVisualTesting\bin\Debug\OpenSpaceVisualTesting.dll" testcasecount="0" runstate="NotRunnable" result="Failed" label="Invalid">
    <properties>
      <property name="_SKIPREASON" value="No suitable tests found in 'C:\os\testing\OpenSpaceVisualTesting\OpenSpaceVisualTesting\bin\Debug\OpenSpaceVisualTesting.dll'.&#xA;Either assembly contains no tests or proper test driver has not been found." />
    </properties>
    <reason>
      <message>No suitable tests found in 'C:\os\testing\OpenSpaceVisualTesting\OpenSpaceVisualTesting\bin\Debug\OpenSpaceVisualTesting.dll'.
Either assembly contains no tests or proper test driver has not been found.</message>
    </reason>
  </test-suite>
</test-run>